Using pre-set license
Built from '2020.3/staging' branch; Version is '2020.3.16f1 (049d6eca3c44) revision 302446'; Using compiler version '192528614'; Build Type 'Release'
OS: 'Windows 10 Home Single Language; OS build 19042.1165; Version 2009; 64bit' Language: 'es' Physical Memory: 32569 MB
BatchMode: 1, IsHumanControllingUs: 0, StartBugReporterOnCrash: 0, Is64bit: 1, IsPro: 0

 COMMAND LINE ARGUMENTS:
C:\Program Files\Unity\Hub\Editor\2020.3.16f1\Editor\Unity.exe
-adb2
-batchMode
-noUpm
-name
AssetImportWorker0
-projectPath
C:/Users/AVR 17/Documents/Museo/museoDelAmbar
-logFile
Logs/AssetImportWorker0.log
-srvPort
61684
Successfully changed project path to: C:/Users/AVR 17/Documents/Museo/museoDelAmbar
C:/Users/AVR 17/Documents/Museo/museoDelAmbar
Using Asset Import Pipeline V2.
Refreshing native plugins compatible for Editor in 44.45 ms, found 4 plugins.
Preloading 0 native plugins for Editor in 0.00 ms.
Initialize engine version: 2020.3.16f1 (049d6eca3c44)
[Subsystems] Discovering subsystems at path C:/Program Files/Unity/Hub/Editor/2020.3.16f1/Editor/Data/Resources/UnitySubsystems
[Subsystems] Discovering subsystems at path C:/Users/AVR 17/Documents/Museo/museoDelAmbar/Assets
GfxDevice: creating device client; threaded=0
Direct3D:
    Version:  Direct3D 11.0 [level 11.1]
    Renderer: NVIDIA GeForce RTX 2080 SUPER (ID=0x1e81)
    Vendor:   
    VRAM:     8010 MB
    Driver:   27.21.14.6137
Initialize mono
Mono path[0] = 'C:/Program Files/Unity/Hub/Editor/2020.3.16f1/Editor/Data/Managed'
Mono path[1] = 'C:/Program Files/Unity/Hub/Editor/2020.3.16f1/Editor/Data/MonoBleedingEdge/lib/mono/unityjit'
Mono config path = 'C:/Program Files/Unity/Hub/Editor/2020.3.16f1/Editor/Data/MonoBleedingEdge/etc'
Using monoOptions --debugger-agent=transport=dt_socket,embedding=1,server=y,suspend=n,address=127.0.0.1:56248
Begin MonoManager ReloadAssembly
Registering precompiled unity dll's ...
Register platform support module: C:/Program Files/Unity/Hub/Editor/2020.3.16f1/Editor/Data/PlaybackEngines/WindowsStandaloneSupport/UnityEditor.WindowsStandalone.Extensions.dll
Registered in 0.001711 seconds.
Native extension for WindowsStandalone target not found
Refreshing native plugins compatible for Editor in 25.82 ms, found 4 plugins.
Preloading 0 native plugins for Editor in 0.00 ms.
Mono: successfully reloaded assembly
- Completed reload, in  1.543 seconds
Domain Reload Profiling:
	ReloadAssembly (1544ms)
		BeginReloadAssembly (45ms)
			ExecutionOrderSort (0ms)
			DisableScriptedObjects (0ms)
			BackupInstance (0ms)
			ReleaseScriptingObjects (0ms)
			CreateAndSetChildDomain (1ms)
		EndReloadAssembly (318ms)
			LoadAssemblies (43ms)
			RebuildTransferFunctionScriptingTraits (0ms)
			SetupTypeCache (115ms)
			ReleaseScriptCaches (0ms)
			RebuildScriptCaches (24ms)
			SetupLoadedEditorAssemblies (121ms)
				LogAssemblyErrors (0ms)
				InitializePlatformSupportModulesInManaged (3ms)
				SetLoadedEditorAssemblies (0ms)
				RefreshPlugins (26ms)
				BeforeProcessingInitializeOnLoad (13ms)
				ProcessInitializeOnLoadAttributes (57ms)
				ProcessInitializeOnLoadMethodAttributes (21ms)
				AfterProcessingInitializeOnLoad (0ms)
				EditorAssembliesLoaded (0ms)
			ExecutionOrderSort2 (0ms)
			AwakeInstancesAfterBackupRestoration (0ms)
Platform modules already initialized, skipping
Registering precompiled user dll's ...
Registered in 0.009731 seconds.
Begin MonoManager ReloadAssembly
Native extension for WindowsStandalone target not found
Refreshing native plugins compatible for Editor in 0.69 ms, found 4 plugins.
Preloading 0 native plugins for Editor in 0.00 ms.
Mono: successfully reloaded assembly
- Completed reload, in  0.879 seconds
Domain Reload Profiling:
	ReloadAssembly (879ms)
		BeginReloadAssembly (114ms)
			ExecutionOrderSort (0ms)
			DisableScriptedObjects (3ms)
			BackupInstance (0ms)
			ReleaseScriptingObjects (0ms)
			CreateAndSetChildDomain (14ms)
		EndReloadAssembly (716ms)
			LoadAssemblies (72ms)
			RebuildTransferFunctionScriptingTraits (0ms)
			SetupTypeCache (215ms)
			ReleaseScriptCaches (0ms)
			RebuildScriptCaches (32ms)
			SetupLoadedEditorAssemblies (320ms)
				LogAssemblyErrors (0ms)
				InitializePlatformSupportModulesInManaged (4ms)
				SetLoadedEditorAssemblies (0ms)
				RefreshPlugins (1ms)
				BeforeProcessingInitializeOnLoad (63ms)
				ProcessInitializeOnLoadAttributes (242ms)
				ProcessInitializeOnLoadMethodAttributes (3ms)
				AfterProcessingInitializeOnLoad (6ms)
				EditorAssembliesLoaded (0ms)
			ExecutionOrderSort2 (0ms)
			AwakeInstancesAfterBackupRestoration (5ms)
Platform modules already initialized, skipping
========================================================================
Worker process is ready to serve import requests
Launched and connected shader compiler UnityShaderCompiler.exe after 0.03 seconds
Refreshing native plugins compatible for Editor in 0.68 ms, found 4 plugins.
Preloading 0 native plugins for Editor in 0.00 ms.
Unloading 1537 Unused Serialized files (Serialized files now loaded: 0)
System memory in use before: 71.9 MB.
System memory in use after: 72.0 MB.

Unloading 98 unused Assets to reduce memory usage. Loaded Objects now: 1902.
Total: 2.538000 ms (FindLiveObjects: 0.173400 ms CreateObjectMapping: 0.062000 ms MarkObjects: 2.227300 ms  DeleteObjects: 0.074400 ms)

AssetImportParameters requested are different than current active one (requested -> active):
  custom:framework-win-MediaFoundation: 216162199b28c13a410421893ffa2e32 -> 
  custom:video-decoder-ogg-theora: a1e56fd34408186e4bbccfd4996cb3dc -> 
  custom:container-muxer-webm: aa71ff27fc2769a1b78a27578f13a17b -> 
  custom:container-demuxer-webm: 4f35f7cbe854078d1ac9338744f61a02 -> 
  custom:container-demuxer-ogg: 62fdf1f143b41e24485cea50d1cbac27 -> 
  custom:video-encoder-webm-vp8: eb34c28f22e8b96e1ab97ce403110664 -> 
  custom:video-codec-MediaFoundation-h265: 746d11721c4dcdbdad8f713fa42b33f4 -> 
  custom:video-decoder-webm-vp8: 9c59270c3fd7afecdb556c50c9e8de78 -> 
  custom:audio-decoder-ogg-vorbis: bf7c407c2cedff20999df2af8eb42d56 -> 
  custom:audio-encoder-webm-vorbis: bf7c407c2cedff20999df2af8eb42d56 -> 
========================================================================
Received Import Request.
  path: Assets/Scenes/FirebaseAuth/Scripts/GoogleSignIn
  artifactKey: Guid(8ed4362cc21b985488d9162b211f77bd) Importer(815301076,1909f56bfc062723c751e8b465ee728b)
Start importing Assets/Scenes/FirebaseAuth/Scripts/GoogleSignIn using Guid(8ed4362cc21b985488d9162b211f77bd) Importer(815301076,1909f56bfc062723c751e8b465ee728b)  -> (artifact id: '26d9aad9678fe85fe46b927fccc09b73') in 0.003637 seconds 
  Import took 0.005531 seconds .

========================================================================
Received Import Request.
  Time since last request: 2480.327209 seconds.
  path: Assets/Scenes/FirebaseAuth/Scripts/GoogleSignIn/Impl
  artifactKey: Guid(2fbe4f3ec9db4415e849f9bb89e63a92) Importer(815301076,1909f56bfc062723c751e8b465ee728b)
Start importing Assets/Scenes/FirebaseAuth/Scripts/GoogleSignIn/Impl using Guid(2fbe4f3ec9db4415e849f9bb89e63a92) Importer(815301076,1909f56bfc062723c751e8b465ee728b)  -> (artifact id: 'f8debbf7571830cbac05b28dfdfa1b3c') in 0.001757 seconds 
  Import took 0.003971 seconds .

========================================================================
Received Import Request.
  Time since last request: 5.013974 seconds.
  path: Assets/Scenes/FirebaseAuth/Scripts/SignInSampleScript.cs
  artifactKey: Guid(ab4681dd18291d944a52401bcf508ac3) Importer(815301076,1909f56bfc062723c751e8b465ee728b)
Start importing Assets/Scenes/FirebaseAuth/Scripts/SignInSampleScript.cs using Guid(ab4681dd18291d944a52401bcf508ac3) Importer(815301076,1909f56bfc062723c751e8b465ee728b)  -> (artifact id: 'd350a842f79ceaf35746206b6eefd68c') in 0.013815 seconds 
  Import took 0.016573 seconds .

========================================================================
Received Import Request.
  Time since last request: 0.009971 seconds.
  path: Assets/Scenes/FirebaseAuth/Scripts/SignInSampleScript.cs
  artifactKey: Guid(ab4681dd18291d944a52401bcf508ac3) Importer(815301076,1909f56bfc062723c751e8b465ee728b)
Start importing Assets/Scenes/FirebaseAuth/Scripts/SignInSampleScript.cs using Guid(ab4681dd18291d944a52401bcf508ac3) Importer(815301076,1909f56bfc062723c751e8b465ee728b)  -> (artifact id: 'd350a842f79ceaf35746206b6eefd68c') in 0.001463 seconds 
  Import took 0.003221 seconds .

========================================================================
Received Import Request.
  Time since last request: 38.152381 seconds.
  path: Assets/Scenes/FirebaseAuth/Scripts/SignInSampleScript.cs
  artifactKey: Guid(ab4681dd18291d944a52401bcf508ac3) Importer(815301076,1909f56bfc062723c751e8b465ee728b)
Start importing Assets/Scenes/FirebaseAuth/Scripts/SignInSampleScript.cs using Guid(ab4681dd18291d944a52401bcf508ac3) Importer(815301076,1909f56bfc062723c751e8b465ee728b)  -> (artifact id: 'c22408f7634f6dd328e64d6aa2ae1496') in 0.001750 seconds 
  Import took 0.003696 seconds .

========================================================================
Received Import Request.
  Time since last request: 8.841140 seconds.
  path: Assets/Scenes/FirebaseAuth/Scripts/SignInSampleScript.cs
  artifactKey: Guid(ab4681dd18291d944a52401bcf508ac3) Importer(815301076,1909f56bfc062723c751e8b465ee728b)
Start importing Assets/Scenes/FirebaseAuth/Scripts/SignInSampleScript.cs using Guid(ab4681dd18291d944a52401bcf508ac3) Importer(815301076,1909f56bfc062723c751e8b465ee728b)  -> (artifact id: 'f3ff1225799233d5d2b27b49dffe092c') in 0.001694 seconds 
  Import took 0.003918 seconds .

========================================================================
Received Import Request.
  Time since last request: 15.442571 seconds.
  path: Assets/Scenes/FirebaseAuth/Scripts/SignInSampleScript.cs
  artifactKey: Guid(ab4681dd18291d944a52401bcf508ac3) Importer(815301076,1909f56bfc062723c751e8b465ee728b)
Start importing Assets/Scenes/FirebaseAuth/Scripts/SignInSampleScript.cs using Guid(ab4681dd18291d944a52401bcf508ac3) Importer(815301076,1909f56bfc062723c751e8b465ee728b)  -> (artifact id: '92748e61b06b85fc2f3cbea471b9b67d') in 0.001684 seconds 
  Import took 0.003737 seconds .

========================================================================
Received Import Request.
  Time since last request: 140.527195 seconds.
  path: Assets/Parse/Plugins/dotNet45
  artifactKey: Guid(a0919e58095680a42951208e9a827498) Importer(815301076,1909f56bfc062723c751e8b465ee728b)
Start importing Assets/Parse/Plugins/dotNet45 using Guid(a0919e58095680a42951208e9a827498) Importer(815301076,1909f56bfc062723c751e8b465ee728b)  -> (artifact id: 'c453f4c2ac2c6422630175101a6e71fa') in 0.001877 seconds 
  Import took 0.004032 seconds .

========================================================================
Received Import Request.
  Time since last request: 0.972586 seconds.
  path: Assets/Parse/Plugins/dotNet45/Unity.Compat.dll
  artifactKey: Guid(3db0783b58c2429b9bc1f560ba323d05) Importer(815301076,1909f56bfc062723c751e8b465ee728b)
Start importing Assets/Parse/Plugins/dotNet45/Unity.Compat.dll using Guid(3db0783b58c2429b9bc1f560ba323d05) Importer(815301076,1909f56bfc062723c751e8b465ee728b)  -> (artifact id: 'b6550e263ca3ce4a77584614fdcdbabd') in 0.003960 seconds 
  Import took 0.005881 seconds .

========================================================================
Received Import Request.
  Time since last request: 0.028060 seconds.
  path: Assets/Parse/Plugins/dotNet45/Unity.Compat.dll
  artifactKey: Guid(3db0783b58c2429b9bc1f560ba323d05) Importer(815301076,1909f56bfc062723c751e8b465ee728b)
Start importing Assets/Parse/Plugins/dotNet45/Unity.Compat.dll using Guid(3db0783b58c2429b9bc1f560ba323d05) Importer(815301076,1909f56bfc062723c751e8b465ee728b)  -> (artifact id: 'b6550e263ca3ce4a77584614fdcdbabd') in 0.001641 seconds 
  Import took 0.003462 seconds .

========================================================================
Received Import Request.
  Time since last request: 0.351556 seconds.
  path: Assets/Parse/Plugins/dotNet45/Unity.Tasks.dll
  artifactKey: Guid(bd18eee30834e4f71bded96fd14033a9) Importer(815301076,1909f56bfc062723c751e8b465ee728b)
Start importing Assets/Parse/Plugins/dotNet45/Unity.Tasks.dll using Guid(bd18eee30834e4f71bded96fd14033a9) Importer(815301076,1909f56bfc062723c751e8b465ee728b)  -> (artifact id: 'aff11e3772a053c1b3cb5700ef5f030b') in 0.001543 seconds 
  Import took 0.004110 seconds .

========================================================================
Received Import Request.
  Time since last request: 6.372167 seconds.
  path: Assets/Parse/Plugins/Unity.Compat.dll
  artifactKey: Guid(015ef18e20f24535830f59eda9e70830) Importer(815301076,1909f56bfc062723c751e8b465ee728b)
Start importing Assets/Parse/Plugins/Unity.Compat.dll using Guid(015ef18e20f24535830f59eda9e70830) Importer(815301076,1909f56bfc062723c751e8b465ee728b)  -> (artifact id: 'bcb8a7c3cc1f14b2146d8b7dece96cc3') in 0.001614 seconds 
  Import took 0.003428 seconds .

========================================================================
Received Import Request.
  Time since last request: 126.082139 seconds.
  path: Assets/Parse/Plugins/Unity.Tasks.dll
  artifactKey: Guid(93324a471a6d44bb8297d17d8b191e52) Importer(815301076,1909f56bfc062723c751e8b465ee728b)
Start importing Assets/Parse/Plugins/Unity.Tasks.dll using Guid(93324a471a6d44bb8297d17d8b191e52) Importer(815301076,1909f56bfc062723c751e8b465ee728b)  -> (artifact id: '5a332c597a169aac3e3332450e0516b8') in 0.001816 seconds 
  Import took 0.004194 seconds .

========================================================================
Received Import Request.
  Time since last request: 1.272650 seconds.
  path: Assets/Parse/Plugins/Unity.Compat.dll
  artifactKey: Guid(015ef18e20f24535830f59eda9e70830) Importer(815301076,1909f56bfc062723c751e8b465ee728b)
Start importing Assets/Parse/Plugins/Unity.Compat.dll using Guid(015ef18e20f24535830f59eda9e70830) Importer(815301076,1909f56bfc062723c751e8b465ee728b)  -> (artifact id: '015368fc9da0c47d1c5f347faec47ee3') in 0.002481 seconds 
  Import took 0.005618 seconds .

========================================================================
Received Import Request.
  Time since last request: 5.607277 seconds.
  path: Assets/Parse/Plugins/Unity.Compat.dll
  artifactKey: Guid(015ef18e20f24535830f59eda9e70830) Importer(815301076,1909f56bfc062723c751e8b465ee728b)
Start importing Assets/Parse/Plugins/Unity.Compat.dll using Guid(015ef18e20f24535830f59eda9e70830) Importer(815301076,1909f56bfc062723c751e8b465ee728b)  -> (artifact id: 'f9b38267238685e944333a7abd66a369') in 0.001544 seconds 
  Import took 0.003512 seconds .

========================================================================
Received Import Request.
  Time since last request: 33.296684 seconds.
  path: Assets/Scenes/FirebaseAuth/Scripts/SignInSampleScript.cs
  artifactKey: Guid(ab4681dd18291d944a52401bcf508ac3) Importer(815301076,1909f56bfc062723c751e8b465ee728b)
Start importing Assets/Scenes/FirebaseAuth/Scripts/SignInSampleScript.cs using Guid(ab4681dd18291d944a52401bcf508ac3) Importer(815301076,1909f56bfc062723c751e8b465ee728b)  -> (artifact id: '315a7b64752c0a6346cdfdd37d28514c') in 0.001539 seconds 
  Import took 0.003404 seconds .

========================================================================
Received Import Request.
  Time since last request: 0.000829 seconds.
  path: Assets/Scenes/FirebaseAuth/Scripts/SignInSampleScript.cs
  artifactKey: Guid(ab4681dd18291d944a52401bcf508ac3) Importer(815301076,1909f56bfc062723c751e8b465ee728b)
Start importing Assets/Scenes/FirebaseAuth/Scripts/SignInSampleScript.cs using Guid(ab4681dd18291d944a52401bcf508ac3) Importer(815301076,1909f56bfc062723c751e8b465ee728b)  -> (artifact id: '315a7b64752c0a6346cdfdd37d28514c') in 0.001466 seconds 
  Import took 0.003163 seconds .

========================================================================
Received Import Request.
  Time since last request: 11.367328 seconds.
  path: Assets/Scenes/FirebaseAuth/Scripts/SignInSampleScript.cs
  artifactKey: Guid(ab4681dd18291d944a52401bcf508ac3) Importer(815301076,1909f56bfc062723c751e8b465ee728b)
Start importing Assets/Scenes/FirebaseAuth/Scripts/SignInSampleScript.cs using Guid(ab4681dd18291d944a52401bcf508ac3) Importer(815301076,1909f56bfc062723c751e8b465ee728b)  -> (artifact id: '77acd07acc219bedd6bae918999aa5c7') in 0.001958 seconds 
  Import took 0.004787 seconds .

========================================================================
Received Prepare
Registering precompiled user dll's ...
Registered in 0.008684 seconds.
Begin MonoManager ReloadAssembly
Native extension for WindowsStandalone target not found
Refreshing native plugins compatible for Editor in 0.70 ms, found 4 plugins.
Preloading 0 native plugins for Editor in 0.00 ms.
Mono: successfully reloaded assembly
- Completed reload, in  0.952 seconds
Domain Reload Profiling:
	ReloadAssembly (953ms)
		BeginReloadAssembly (93ms)
			ExecutionOrderSort (0ms)
			DisableScriptedObjects (3ms)
			BackupInstance (0ms)
			ReleaseScriptingObjects (0ms)
			CreateAndSetChildDomain (28ms)
		EndReloadAssembly (808ms)
			LoadAssemblies (80ms)
			RebuildTransferFunctionScriptingTraits (0ms)
			SetupTypeCache (229ms)
			ReleaseScriptCaches (1ms)
			RebuildScriptCaches (30ms)
			SetupLoadedEditorAssemblies (377ms)
				LogAssemblyErrors (0ms)
				InitializePlatformSupportModulesInManaged (4ms)
				SetLoadedEditorAssemblies (0ms)
				RefreshPlugins (1ms)
				BeforeProcessingInitializeOnLoad (59ms)
				ProcessInitializeOnLoadAttributes (304ms)
				ProcessInitializeOnLoadMethodAttributes (3ms)
				AfterProcessingInitializeOnLoad (6ms)
				EditorAssembliesLoaded (0ms)
			ExecutionOrderSort2 (0ms)
			AwakeInstancesAfterBackupRestoration (6ms)
Platform modules already initialized, skipping
Switching build target platform(19) subTarget(0) extendedPlatform(0) -> platform(13) subTarget(537395200) extendedPlatform(0)
Refreshing native plugins compatible for Editor in 0.72 ms, found 4 plugins.
Preloading 0 native plugins for Editor in 0.00 ms.
Unloading 1570 Unused Serialized files (Serialized files now loaded: 0)
System memory in use before: 71.8 MB.
System memory in use after: 71.9 MB.

Unloading 151 unused Assets to reduce memory usage. Loaded Objects now: 1904.
Total: 2.678400 ms (FindLiveObjects: 0.166100 ms CreateObjectMapping: 0.061100 ms MarkObjects: 2.399700 ms  DeleteObjects: 0.050000 ms)

AssetImportParameters requested are different than current active one (requested -> active):
  custom:framework-win-MediaFoundation: 216162199b28c13a410421893ffa2e32 -> 
  custom:video-decoder-ogg-theora: a1e56fd34408186e4bbccfd4996cb3dc -> 
  custom:container-muxer-webm: aa71ff27fc2769a1b78a27578f13a17b -> 
  custom:container-demuxer-webm: 4f35f7cbe854078d1ac9338744f61a02 -> 
  custom:container-demuxer-ogg: 62fdf1f143b41e24485cea50d1cbac27 -> 
  custom:video-encoder-webm-vp8: eb34c28f22e8b96e1ab97ce403110664 -> 
  custom:video-codec-MediaFoundation-h265: 746d11721c4dcdbdad8f713fa42b33f4 -> 
  custom:video-decoder-webm-vp8: 9c59270c3fd7afecdb556c50c9e8de78 -> 
  custom:graphics/normal-map-encoding: 01000000000000000000000000000000 -> 02000000000000000000000000000000
  custom:audio-decoder-ogg-vorbis: bf7c407c2cedff20999df2af8eb42d56 -> 
  custom:audio-encoder-webm-vorbis: bf7c407c2cedff20999df2af8eb42d56 -> 
========================================================================
Received Prepare
Registering precompiled user dll's ...
Registered in 0.008992 seconds.
Begin MonoManager ReloadAssembly
Native extension for WindowsStandalone target not found
Refreshing native plugins compatible for Editor in 0.72 ms, found 4 plugins.
Preloading 0 native plugins for Editor in 0.00 ms.
Mono: successfully reloaded assembly
- Completed reload, in  0.977 seconds
Domain Reload Profiling:
	ReloadAssembly (977ms)
		BeginReloadAssembly (94ms)
			ExecutionOrderSort (0ms)
			DisableScriptedObjects (3ms)
			BackupInstance (0ms)
			ReleaseScriptingObjects (0ms)
			CreateAndSetChildDomain (26ms)
		EndReloadAssembly (829ms)
			LoadAssemblies (73ms)
			RebuildTransferFunctionScriptingTraits (0ms)
			SetupTypeCache (220ms)
			ReleaseScriptCaches (1ms)
			RebuildScriptCaches (30ms)
			SetupLoadedEditorAssemblies (408ms)
				LogAssemblyErrors (0ms)
				InitializePlatformSupportModulesInManaged (4ms)
				SetLoadedEditorAssemblies (0ms)
				RefreshPlugins (1ms)
				BeforeProcessingInitializeOnLoad (61ms)
				ProcessInitializeOnLoadAttributes (333ms)
				ProcessInitializeOnLoadMethodAttributes (3ms)
				AfterProcessingInitializeOnLoad (6ms)
				EditorAssembliesLoaded (0ms)
			ExecutionOrderSort2 (0ms)
			AwakeInstancesAfterBackupRestoration (8ms)
Platform modules already initialized, skipping
Switching build target platform(19) subTarget(0) extendedPlatform(0) -> platform(13) subTarget(537395200) extendedPlatform(0)
Refreshing native plugins compatible for Editor in 0.79 ms, found 4 plugins.
Preloading 0 native plugins for Editor in 0.00 ms.
Unloading 1570 Unused Serialized files (Serialized files now loaded: 0)
System memory in use before: 71.8 MB.
System memory in use after: 71.9 MB.

Unloading 151 unused Assets to reduce memory usage. Loaded Objects now: 1906.
Total: 2.444800 ms (FindLiveObjects: 0.143500 ms CreateObjectMapping: 0.049400 ms MarkObjects: 2.207600 ms  DeleteObjects: 0.043300 ms)

AssetImportParameters requested are different than current active one (requested -> active):
  custom:framework-win-MediaFoundation: 216162199b28c13a410421893ffa2e32 -> 
  custom:video-decoder-ogg-theora: a1e56fd34408186e4bbccfd4996cb3dc -> 
  custom:container-muxer-webm: aa71ff27fc2769a1b78a27578f13a17b -> 
  custom:container-demuxer-webm: 4f35f7cbe854078d1ac9338744f61a02 -> 
  custom:container-demuxer-ogg: 62fdf1f143b41e24485cea50d1cbac27 -> 
  custom:video-encoder-webm-vp8: eb34c28f22e8b96e1ab97ce403110664 -> 
  custom:video-codec-MediaFoundation-h265: 746d11721c4dcdbdad8f713fa42b33f4 -> 
  custom:video-decoder-webm-vp8: 9c59270c3fd7afecdb556c50c9e8de78 -> 
  custom:graphics/normal-map-encoding: 01000000000000000000000000000000 -> 02000000000000000000000000000000
  custom:audio-decoder-ogg-vorbis: bf7c407c2cedff20999df2af8eb42d56 -> 
  custom:audio-encoder-webm-vorbis: bf7c407c2cedff20999df2af8eb42d56 -> 
========================================================================
Received Prepare
Registering precompiled user dll's ...
Registered in 0.008857 seconds.
Begin MonoManager ReloadAssembly
Native extension for WindowsStandalone target not found
Refreshing native plugins compatible for Editor in 0.70 ms, found 4 plugins.
Preloading 0 native plugins for Editor in 0.00 ms.
Mono: successfully reloaded assembly
- Completed reload, in  0.907 seconds
Domain Reload Profiling:
	ReloadAssembly (907ms)
		BeginReloadAssembly (91ms)
			ExecutionOrderSort (0ms)
			DisableScriptedObjects (3ms)
			BackupInstance (0ms)
			ReleaseScriptingObjects (0ms)
			CreateAndSetChildDomain (24ms)
		EndReloadAssembly (768ms)
			LoadAssemblies (69ms)
			RebuildTransferFunctionScriptingTraits (0ms)
			SetupTypeCache (206ms)
			ReleaseScriptCaches (1ms)
			RebuildScriptCaches (28ms)
			SetupLoadedEditorAssemblies (366ms)
				LogAssemblyErrors (0ms)
				InitializePlatformSupportModulesInManaged (4ms)
				SetLoadedEditorAssemblies (0ms)
				RefreshPlugins (1ms)
				BeforeProcessingInitializeOnLoad (56ms)
				ProcessInitializeOnLoadAttributes (296ms)
				ProcessInitializeOnLoadMethodAttributes (3ms)
				AfterProcessingInitializeOnLoad (6ms)
				EditorAssembliesLoaded (0ms)
			ExecutionOrderSort2 (0ms)
			AwakeInstancesAfterBackupRestoration (5ms)
Platform modules already initialized, skipping
Switching build target platform(19) subTarget(0) extendedPlatform(0) -> platform(13) subTarget(537395200) extendedPlatform(0)
Refreshing native plugins compatible for Editor in 0.69 ms, found 4 plugins.
Preloading 0 native plugins for Editor in 0.00 ms.
Unloading 1570 Unused Serialized files (Serialized files now loaded: 0)
System memory in use before: 71.8 MB.
System memory in use after: 71.9 MB.

Unloading 151 unused Assets to reduce memory usage. Loaded Objects now: 1908.
Total: 2.470900 ms (FindLiveObjects: 0.129000 ms CreateObjectMapping: 0.044600 ms MarkObjects: 2.252200 ms  DeleteObjects: 0.044400 ms)

AssetImportParameters requested are different than current active one (requested -> active):
  custom:framework-win-MediaFoundation: 216162199b28c13a410421893ffa2e32 -> 
  custom:video-decoder-ogg-theora: a1e56fd34408186e4bbccfd4996cb3dc -> 
  custom:container-muxer-webm: aa71ff27fc2769a1b78a27578f13a17b -> 
  custom:container-demuxer-webm: 4f35f7cbe854078d1ac9338744f61a02 -> 
  custom:container-demuxer-ogg: 62fdf1f143b41e24485cea50d1cbac27 -> 
  custom:video-encoder-webm-vp8: eb34c28f22e8b96e1ab97ce403110664 -> 
  custom:video-codec-MediaFoundation-h265: 746d11721c4dcdbdad8f713fa42b33f4 -> 
  custom:video-decoder-webm-vp8: 9c59270c3fd7afecdb556c50c9e8de78 -> 
  custom:graphics/normal-map-encoding: 01000000000000000000000000000000 -> 02000000000000000000000000000000
  custom:audio-decoder-ogg-vorbis: bf7c407c2cedff20999df2af8eb42d56 -> 
  custom:audio-encoder-webm-vorbis: bf7c407c2cedff20999df2af8eb42d56 -> 
========================================================================
Received Prepare
Registering precompiled user dll's ...
Registered in 0.008558 seconds.
Begin MonoManager ReloadAssembly
Native extension for WindowsStandalone target not found
Refreshing native plugins compatible for Editor in 0.82 ms, found 4 plugins.
Preloading 0 native plugins for Editor in 0.00 ms.
Mono: successfully reloaded assembly
- Completed reload, in  0.967 seconds
Domain Reload Profiling:
	ReloadAssembly (967ms)
		BeginReloadAssembly (99ms)
			ExecutionOrderSort (0ms)
			DisableScriptedObjects (3ms)
			BackupInstance (0ms)
			ReleaseScriptingObjects (0ms)
			CreateAndSetChildDomain (27ms)
		EndReloadAssembly (817ms)
			LoadAssemblies (74ms)
			RebuildTransferFunctionScriptingTraits (0ms)
			SetupTypeCache (216ms)
			ReleaseScriptCaches (1ms)
			RebuildScriptCaches (29ms)
			SetupLoadedEditorAssemblies (390ms)
				LogAssemblyErrors (0ms)
				InitializePlatformSupportModulesInManaged (4ms)
				SetLoadedEditorAssemblies (0ms)
				RefreshPlugins (1ms)
				BeforeProcessingInitializeOnLoad (58ms)
				ProcessInitializeOnLoadAttributes (318ms)
				ProcessInitializeOnLoadMethodAttributes (3ms)
				AfterProcessingInitializeOnLoad (6ms)
				EditorAssembliesLoaded (0ms)
			ExecutionOrderSort2 (0ms)
			AwakeInstancesAfterBackupRestoration (5ms)
Platform modules already initialized, skipping
Switching build target platform(19) subTarget(0) extendedPlatform(0) -> platform(13) subTarget(537395200) extendedPlatform(0)
Refreshing native plugins compatible for Editor in 0.74 ms, found 4 plugins.
Preloading 0 native plugins for Editor in 0.00 ms.
Unloading 1570 Unused Serialized files (Serialized files now loaded: 0)
System memory in use before: 71.8 MB.
System memory in use after: 71.9 MB.

Unloading 151 unused Assets to reduce memory usage. Loaded Objects now: 1910.
Total: 2.674700 ms (FindLiveObjects: 0.147400 ms CreateObjectMapping: 0.056800 ms MarkObjects: 2.419400 ms  DeleteObjects: 0.050300 ms)

AssetImportParameters requested are different than current active one (requested -> active):
  custom:framework-win-MediaFoundation: 216162199b28c13a410421893ffa2e32 -> 
  custom:video-decoder-ogg-theora: a1e56fd34408186e4bbccfd4996cb3dc -> 
  custom:container-muxer-webm: aa71ff27fc2769a1b78a27578f13a17b -> 
  custom:container-demuxer-webm: 4f35f7cbe854078d1ac9338744f61a02 -> 
  custom:container-demuxer-ogg: 62fdf1f143b41e24485cea50d1cbac27 -> 
  custom:video-encoder-webm-vp8: eb34c28f22e8b96e1ab97ce403110664 -> 
  custom:video-codec-MediaFoundation-h265: 746d11721c4dcdbdad8f713fa42b33f4 -> 
  custom:video-decoder-webm-vp8: 9c59270c3fd7afecdb556c50c9e8de78 -> 
  custom:graphics/normal-map-encoding: 01000000000000000000000000000000 -> 02000000000000000000000000000000
  custom:audio-decoder-ogg-vorbis: bf7c407c2cedff20999df2af8eb42d56 -> 
  custom:audio-encoder-webm-vorbis: bf7c407c2cedff20999df2af8eb42d56 -> 
========================================================================
Received Import Request.
  Time since last request: 1104.122489 seconds.
  path: Assets/google-services.json
  artifactKey: Guid(b5749051cdfe8bd44bc606944d289f31) Importer(815301076,1909f56bfc062723c751e8b465ee728b)
Start importing Assets/google-services.json using Guid(b5749051cdfe8bd44bc606944d289f31) Importer(815301076,1909f56bfc062723c751e8b465ee728b)  -> (artifact id: 'ff18d04cf33949c699c033d213c16980') in 0.014914 seconds 
  Import took 0.017315 seconds .

========================================================================
Received Import Request.
  Time since last request: 0.009537 seconds.
  path: Assets/google-services.json
  artifactKey: Guid(b5749051cdfe8bd44bc606944d289f31) Importer(815301076,1909f56bfc062723c751e8b465ee728b)
Start importing Assets/google-services.json using Guid(b5749051cdfe8bd44bc606944d289f31) Importer(815301076,1909f56bfc062723c751e8b465ee728b)  -> (artifact id: 'ff18d04cf33949c699c033d213c16980') in 0.002211 seconds 
  Import took 0.004225 seconds .

========================================================================
Received Import Request.
  Time since last request: 22.246489 seconds.
  path: Assets/StreamingAssets/google-services-desktop.json
  artifactKey: Guid(a9a7006aa5ab8d74ba3dfee8580294d9) Importer(815301076,1909f56bfc062723c751e8b465ee728b)
Start importing Assets/StreamingAssets/google-services-desktop.json using Guid(a9a7006aa5ab8d74ba3dfee8580294d9) Importer(815301076,1909f56bfc062723c751e8b465ee728b)  -> (artifact id: '0ee89fd7f13f64fead178fa8152d3d5e') in 0.002237 seconds 
  Import took 0.004128 seconds .

========================================================================
Received Import Request.
  Time since last request: 8.983477 seconds.
  path: Assets/StreamingAssets/google-services.json
  artifactKey: Guid(012c0183046ad044ab7138857db1e2aa) Importer(815301076,1909f56bfc062723c751e8b465ee728b)
Start importing Assets/StreamingAssets/google-services.json using Guid(012c0183046ad044ab7138857db1e2aa) Importer(815301076,1909f56bfc062723c751e8b465ee728b)  -> (artifact id: 'e34f4b89f5c4162ad4a8cbc91fe89be3') in 0.002047 seconds 
  Import took 0.006620 seconds .

========================================================================
Received Prepare
Registering precompiled user dll's ...
Registered in 0.008899 seconds.
Begin MonoManager ReloadAssembly
Native extension for WindowsStandalone target not found
Refreshing native plugins compatible for Editor in 0.42 ms, found 4 plugins.
Preloading 0 native plugins for Editor in 0.00 ms.
Mono: successfully reloaded assembly
- Completed reload, in  0.934 seconds
Domain Reload Profiling:
	ReloadAssembly (934ms)
		BeginReloadAssembly (89ms)
			ExecutionOrderSort (0ms)
			DisableScriptedObjects (4ms)
			BackupInstance (0ms)
			ReleaseScriptingObjects (0ms)
			CreateAndSetChildDomain (29ms)
		EndReloadAssembly (794ms)
			LoadAssemblies (73ms)
			RebuildTransferFunctionScriptingTraits (0ms)
			SetupTypeCache (213ms)
			ReleaseScriptCaches (1ms)
			RebuildScriptCaches (29ms)
			SetupLoadedEditorAssemblies (372ms)
				LogAssemblyErrors (0ms)
				InitializePlatformSupportModulesInManaged (4ms)
				SetLoadedEditorAssemblies (0ms)
				RefreshPlugins (0ms)
				BeforeProcessingInitializeOnLoad (56ms)
				ProcessInitializeOnLoadAttributes (302ms)
				ProcessInitializeOnLoadMethodAttributes (3ms)
				AfterProcessingInitializeOnLoad (6ms)
				EditorAssembliesLoaded (0ms)
			ExecutionOrderSort2 (0ms)
			AwakeInstancesAfterBackupRestoration (5ms)
Platform modules already initialized, skipping
Switching build target platform(19) subTarget(0) extendedPlatform(0) -> platform(13) subTarget(537395200) extendedPlatform(0)
Refreshing native plugins compatible for Editor in 0.40 ms, found 4 plugins.
Preloading 0 native plugins for Editor in 0.00 ms.
Unloading 1516 Unused Serialized files (Serialized files now loaded: 0)
System memory in use before: 70.4 MB.
System memory in use after: 70.5 MB.

Unloading 97 unused Assets to reduce memory usage. Loaded Objects now: 1912.
Total: 2.416900 ms (FindLiveObjects: 0.124500 ms CreateObjectMapping: 0.041600 ms MarkObjects: 2.218000 ms  DeleteObjects: 0.032000 ms)

AssetImportParameters requested are different than current active one (requested -> active):
  custom:framework-win-MediaFoundation: 216162199b28c13a410421893ffa2e32 -> 
  custom:video-decoder-ogg-theora: a1e56fd34408186e4bbccfd4996cb3dc -> 
  custom:container-muxer-webm: aa71ff27fc2769a1b78a27578f13a17b -> 
  custom:container-demuxer-webm: 4f35f7cbe854078d1ac9338744f61a02 -> 
  custom:container-demuxer-ogg: 62fdf1f143b41e24485cea50d1cbac27 -> 
  custom:video-encoder-webm-vp8: eb34c28f22e8b96e1ab97ce403110664 -> 
  custom:video-codec-MediaFoundation-h265: 746d11721c4dcdbdad8f713fa42b33f4 -> 
  custom:video-decoder-webm-vp8: 9c59270c3fd7afecdb556c50c9e8de78 -> 
  custom:graphics/normal-map-encoding: 01000000000000000000000000000000 -> 02000000000000000000000000000000
  custom:audio-decoder-ogg-vorbis: bf7c407c2cedff20999df2af8eb42d56 -> 
  custom:audio-encoder-webm-vorbis: bf7c407c2cedff20999df2af8eb42d56 -> 
========================================================================
Received Prepare
Registering precompiled user dll's ...
Registered in 0.008656 seconds.
Begin MonoManager ReloadAssembly
Native extension for WindowsStandalone target not found
Refreshing native plugins compatible for Editor in 0.41 ms, found 4 plugins.
Preloading 0 native plugins for Editor in 0.00 ms.
Mono: successfully reloaded assembly
- Completed reload, in  0.958 seconds
Domain Reload Profiling:
	ReloadAssembly (958ms)
		BeginReloadAssembly (99ms)
			ExecutionOrderSort (0ms)
			DisableScriptedObjects (3ms)
			BackupInstance (0ms)
			ReleaseScriptingObjects (0ms)
			CreateAndSetChildDomain (27ms)
		EndReloadAssembly (808ms)
			LoadAssemblies (75ms)
			RebuildTransferFunctionScriptingTraits (0ms)
			SetupTypeCache (215ms)
			ReleaseScriptCaches (1ms)
			RebuildScriptCaches (29ms)
			SetupLoadedEditorAssemblies (376ms)
				LogAssemblyErrors (0ms)
				InitializePlatformSupportModulesInManaged (4ms)
				SetLoadedEditorAssemblies (0ms)
				RefreshPlugins (0ms)
				BeforeProcessingInitializeOnLoad (58ms)
				ProcessInitializeOnLoadAttributes (304ms)
				ProcessInitializeOnLoadMethodAttributes (3ms)
				AfterProcessingInitializeOnLoad (6ms)
				EditorAssembliesLoaded (0ms)
			ExecutionOrderSort2 (0ms)
			AwakeInstancesAfterBackupRestoration (5ms)
Platform modules already initialized, skipping
Switching build target platform(19) subTarget(0) extendedPlatform(0) -> platform(13) subTarget(537395200) extendedPlatform(0)
Refreshing native plugins compatible for Editor in 0.42 ms, found 4 plugins.
Preloading 0 native plugins for Editor in 0.00 ms.
Unloading 1516 Unused Serialized files (Serialized files now loaded: 0)
System memory in use before: 70.4 MB.
System memory in use after: 70.5 MB.

Unloading 97 unused Assets to reduce memory usage. Loaded Objects now: 1914.
Total: 2.549100 ms (FindLiveObjects: 0.163400 ms CreateObjectMapping: 0.053700 ms MarkObjects: 2.295200 ms  DeleteObjects: 0.035900 ms)

AssetImportParameters requested are different than current active one (requested -> active):
  custom:framework-win-MediaFoundation: 216162199b28c13a410421893ffa2e32 -> 
  custom:video-decoder-ogg-theora: a1e56fd34408186e4bbccfd4996cb3dc -> 
  custom:container-muxer-webm: aa71ff27fc2769a1b78a27578f13a17b -> 
  custom:container-demuxer-webm: 4f35f7cbe854078d1ac9338744f61a02 -> 
  custom:container-demuxer-ogg: 62fdf1f143b41e24485cea50d1cbac27 -> 
  custom:video-encoder-webm-vp8: eb34c28f22e8b96e1ab97ce403110664 -> 
  custom:video-codec-MediaFoundation-h265: 746d11721c4dcdbdad8f713fa42b33f4 -> 
  custom:video-decoder-webm-vp8: 9c59270c3fd7afecdb556c50c9e8de78 -> 
  custom:graphics/normal-map-encoding: 01000000000000000000000000000000 -> 02000000000000000000000000000000
  custom:audio-decoder-ogg-vorbis: bf7c407c2cedff20999df2af8eb42d56 -> 
  custom:audio-encoder-webm-vorbis: bf7c407c2cedff20999df2af8eb42d56 -> 
========================================================================
Received Prepare
Registering precompiled user dll's ...
Registered in 0.008978 seconds.
Begin MonoManager ReloadAssembly
Native extension for WindowsStandalone target not found
Refreshing native plugins compatible for Editor in 0.42 ms, found 4 plugins.
Preloading 0 native plugins for Editor in 0.00 ms.
Mono: successfully reloaded assembly
- Completed reload, in  0.967 seconds
Domain Reload Profiling:
	ReloadAssembly (967ms)
		BeginReloadAssembly (98ms)
			ExecutionOrderSort (0ms)
			DisableScriptedObjects (3ms)
			BackupInstance (0ms)
			ReleaseScriptingObjects (0ms)
			CreateAndSetChildDomain (26ms)
		EndReloadAssembly (819ms)
			LoadAssemblies (73ms)
			RebuildTransferFunctionScriptingTraits (0ms)
			SetupTypeCache (224ms)
			ReleaseScriptCaches (1ms)
			RebuildScriptCaches (28ms)
			SetupLoadedEditorAssemblies (373ms)
				LogAssemblyErrors (0ms)
				InitializePlatformSupportModulesInManaged (4ms)
				SetLoadedEditorAssemblies (0ms)
				RefreshPlugins (0ms)
				BeforeProcessingInitializeOnLoad (57ms)
				ProcessInitializeOnLoadAttributes (304ms)
				ProcessInitializeOnLoadMethodAttributes (3ms)
				AfterProcessingInitializeOnLoad (6ms)
				EditorAssembliesLoaded (0ms)
			ExecutionOrderSort2 (0ms)
			AwakeInstancesAfterBackupRestoration (5ms)
Platform modules already initialized, skipping
Switching build target platform(19) subTarget(0) extendedPlatform(0) -> platform(13) subTarget(537395200) extendedPlatform(0)
Refreshing native plugins compatible for Editor in 0.42 ms, found 4 plugins.
Preloading 0 native plugins for Editor in 0.00 ms.
Unloading 1516 Unused Serialized files (Serialized files now loaded: 0)
System memory in use before: 70.4 MB.
System memory in use after: 70.5 MB.

Unloading 97 unused Assets to reduce memory usage. Loaded Objects now: 1916.
Total: 2.872100 ms (FindLiveObjects: 0.255700 ms CreateObjectMapping: 0.118900 ms MarkObjects: 2.453200 ms  DeleteObjects: 0.042300 ms)

AssetImportParameters requested are different than current active one (requested -> active):
  custom:framework-win-MediaFoundation: 216162199b28c13a410421893ffa2e32 -> 
  custom:video-decoder-ogg-theora: a1e56fd34408186e4bbccfd4996cb3dc -> 
  custom:container-muxer-webm: aa71ff27fc2769a1b78a27578f13a17b -> 
  custom:container-demuxer-webm: 4f35f7cbe854078d1ac9338744f61a02 -> 
  custom:container-demuxer-ogg: 62fdf1f143b41e24485cea50d1cbac27 -> 
  custom:video-encoder-webm-vp8: eb34c28f22e8b96e1ab97ce403110664 -> 
  custom:video-codec-MediaFoundation-h265: 746d11721c4dcdbdad8f713fa42b33f4 -> 
  custom:video-decoder-webm-vp8: 9c59270c3fd7afecdb556c50c9e8de78 -> 
  custom:graphics/normal-map-encoding: 01000000000000000000000000000000 -> 02000000000000000000000000000000
  custom:audio-decoder-ogg-vorbis: bf7c407c2cedff20999df2af8eb42d56 -> 
  custom:audio-encoder-webm-vorbis: bf7c407c2cedff20999df2af8eb42d56 -> 
AssetImportWorkerClient::OnTransportError - code=2 error=End of file
